<?xml version="1.0" encoding="UTF-8"?>
<testsuite name="com.mindex.challenge.DataBootstrapTest" tests="1" skipped="0" failures="0" errors="0" timestamp="2021-02-01T08:05:36" hostname="Pratiks-MBP" time="0.53">
  <properties/>
  <testcase name="test" classname="com.mindex.challenge.DataBootstrapTest" time="0.53"/>
  <system-out><![CDATA[03:05:32.697 [Test worker] DEBUG org.springframework.test.context.junit4.SpringJUnit4ClassRunner - SpringJUnit4ClassRunner constructor called with [class com.mindex.challenge.DataBootstrapTest]
03:05:32.708 [Test worker] DEBUG org.springframework.test.context.BootstrapUtils - Instantiating CacheAwareContextLoaderDelegate from class [org.springframework.test.context.cache.DefaultCacheAwareContextLoaderDelegate]
03:05:32.717 [Test worker] DEBUG org.springframework.test.context.BootstrapUtils - Instantiating BootstrapContext using constructor [public org.springframework.test.context.support.DefaultBootstrapContext(java.lang.Class,org.springframework.test.context.CacheAwareContextLoaderDelegate)]
03:05:32.759 [Test worker] DEBUG org.springframework.test.context.BootstrapUtils - Instantiating TestContextBootstrapper for test class [com.mindex.challenge.DataBootstrapTest] from class [org.springframework.boot.test.context.SpringBootTestContextBootstrapper]
03:05:32.779 [Test worker] INFO org.springframework.boot.test.context.SpringBootTestContextBootstrapper - Neither @ContextConfiguration nor @ContextHierarchy found for test class [com.mindex.challenge.DataBootstrapTest], using SpringBootContextLoader
03:05:32.782 [Test worker] DEBUG org.springframework.test.context.support.AbstractContextLoader - Did not detect default resource location for test class [com.mindex.challenge.DataBootstrapTest]: class path resource [com/mindex/challenge/DataBootstrapTest-context.xml] does not exist
03:05:32.785 [Test worker] DEBUG org.springframework.test.context.support.AbstractContextLoader - Did not detect default resource location for test class [com.mindex.challenge.DataBootstrapTest]: class path resource [com/mindex/challenge/DataBootstrapTestContext.groovy] does not exist
03:05:32.786 [Test worker] INFO org.springframework.test.context.support.AbstractContextLoader - Could not detect default resource locations for test class [com.mindex.challenge.DataBootstrapTest]: no resource found for suffixes {-context.xml, Context.groovy}.
03:05:32.787 [Test worker] INFO org.springframework.test.context.support.AnnotationConfigContextLoaderUtils - Could not detect default configuration classes for test class [com.mindex.challenge.DataBootstrapTest]: DataBootstrapTest does not declare any static, non-private, non-final, nested classes annotated with @Configuration.
03:05:32.837 [Test worker] DEBUG org.springframework.test.context.support.ActiveProfilesUtils - Could not find an 'annotation declaring class' for annotation type [org.springframework.test.context.ActiveProfiles] and class [com.mindex.challenge.DataBootstrapTest]
03:05:32.903 [Test worker] DEBUG org.springframework.context.annotation.ClassPathScanningCandidateComponentProvider - Identified candidate component class: file [/Users/pratikbhagwat/Documents/MindexCoding/mindex-java-code-challenge/build/classes/java/main/com/mindex/challenge/ChallengeApplication.class]
03:05:32.906 [Test worker] INFO org.springframework.boot.test.context.SpringBootTestContextBootstrapper - Found @SpringBootConfiguration com.mindex.challenge.ChallengeApplication for test class com.mindex.challenge.DataBootstrapTest
03:05:32.989 [Test worker] DEBUG org.springframework.boot.test.context.SpringBootTestContextBootstrapper - @TestExecutionListeners is not present for class [com.mindex.challenge.DataBootstrapTest]: using defaults.
03:05:32.990 [Test worker] INFO org.springframework.boot.test.context.SpringBootTestContextBootstrapper - Loaded default TestExecutionListener class names from location [META-INF/spring.factories]: [org.springframework.boot.test.autoconfigure.restdocs.RestDocsTestExecutionListener, org.springframework.boot.test.autoconfigure.web.client.MockRestServiceServerResetTestExecutionListener, org.springframework.boot.test.autoconfigure.web.servlet.MockMvcPrintOnlyOnFailureTestExecutionListener, org.springframework.boot.test.autoconfigure.web.servlet.WebDriverTestExecutionListener, org.springframework.boot.test.mock.mockito.MockitoTestExecutionListener, org.springframework.boot.test.mock.mockito.ResetMocksTestExecutionListener, org.springframework.test.context.web.ServletTestExecutionListener, org.springframework.test.context.support.DirtiesContextBeforeModesTestExecutionListener, org.springframework.test.context.support.DependencyInjectionTestExecutionListener, org.springframework.test.context.support.DirtiesContextTestExecutionListener, org.springframework.test.context.transaction.TransactionalTestExecutionListener, org.springframework.test.context.jdbc.SqlScriptsTestExecutionListener, org.springframework.test.context.event.EventPublishingTestExecutionListener]
03:05:33.009 [Test worker] INFO org.springframework.boot.test.context.SpringBootTestContextBootstrapper - Using TestExecutionListeners: [org.springframework.test.context.web.ServletTestExecutionListener@7def8a00, org.springframework.test.context.support.DirtiesContextBeforeModesTestExecutionListener@4be52bb6, org.springframework.boot.test.mock.mockito.MockitoTestExecutionListener@50bf7ca1, org.springframework.boot.test.autoconfigure.SpringBootDependencyInjectionTestExecutionListener@298a4634, org.springframework.test.context.support.DirtiesContextTestExecutionListener@2834768f, org.springframework.test.context.transaction.TransactionalTestExecutionListener@4aee50a4, org.springframework.test.context.jdbc.SqlScriptsTestExecutionListener@619f772c, org.springframework.test.context.event.EventPublishingTestExecutionListener@1a5f26cd, org.springframework.boot.test.autoconfigure.restdocs.RestDocsTestExecutionListener@1154ab07, org.springframework.boot.test.autoconfigure.web.client.MockRestServiceServerResetTestExecutionListener@2907a2f9, org.springframework.boot.test.autoconfigure.web.servlet.MockMvcPrintOnlyOnFailureTestExecutionListener@33bb86e2, org.springframework.boot.test.autoconfigure.web.servlet.WebDriverTestExecutionListener@5031a716, org.springframework.boot.test.mock.mockito.ResetMocksTestExecutionListener@64092284]
03:05:33.013 [Test worker] DEBUG org.springframework.test.annotation.ProfileValueUtils - Retrieved @ProfileValueSourceConfiguration [null] for test class [com.mindex.challenge.DataBootstrapTest]
03:05:33.015 [Test worker] DEBUG org.springframework.test.annotation.ProfileValueUtils - Retrieved ProfileValueSource type [class org.springframework.test.annotation.SystemProfileValueSource] for class [com.mindex.challenge.DataBootstrapTest]
03:05:33.016 [Test worker] DEBUG org.springframework.test.annotation.ProfileValueUtils - Retrieved @ProfileValueSourceConfiguration [null] for test class [com.mindex.challenge.DataBootstrapTest]
03:05:33.017 [Test worker] DEBUG org.springframework.test.annotation.ProfileValueUtils - Retrieved ProfileValueSource type [class org.springframework.test.annotation.SystemProfileValueSource] for class [com.mindex.challenge.DataBootstrapTest]
03:05:33.022 [Test worker] DEBUG org.springframework.test.context.support.AbstractDirtiesContextTestExecutionListener - Before test class: context [DefaultTestContext@5f262d58 testClass = DataBootstrapTest, testInstance = [null], testMethod = [null], testException = [null], mergedContextConfiguration = [WebMergedContextConfiguration@1b821509 testClass = DataBootstrapTest, locations = '{}', classes = '{class com.mindex.challenge.ChallengeApplication}', contextInitializerClasses = '[]', activeProfiles = '{}', propertySourceLocations = '{}', propertySourceProperties = '{org.springframework.boot.test.context.SpringBootTestContextBootstrapper=true}', contextCustomizers = set[org.springframework.boot.test.autoconfigure.properties.PropertyMappingContextCustomizer@0, org.springframework.boot.test.autoconfigure.web.servlet.WebDriverContextCustomizerFactory$Customizer@1a6dd698, org.springframework.boot.test.context.filter.ExcludeFilterContextCustomizer@25f983a5, org.springframework.boot.test.json.DuplicateJsonObjectContextCustomizerFactory$DuplicateJsonObjectContextCustomizer@4cfc3b4b, org.springframework.boot.test.mock.mockito.MockitoContextCustomizer@0, org.springframework.boot.test.web.client.TestRestTemplateContextCustomizer@1a49e1c9], resourceBasePath = 'src/main/webapp', contextLoader = 'org.springframework.boot.test.context.SpringBootContextLoader', parent = [null]], attributes = map['org.springframework.test.context.web.ServletTestExecutionListener.activateListener' -> true]], class annotated with @DirtiesContext [false] with mode [null].
03:05:33.031 [Test worker] DEBUG org.springframework.test.annotation.ProfileValueUtils - Retrieved @ProfileValueSourceConfiguration [null] for test class [com.mindex.challenge.DataBootstrapTest]
03:05:33.032 [Test worker] DEBUG org.springframework.test.annotation.ProfileValueUtils - Retrieved ProfileValueSource type [class org.springframework.test.annotation.SystemProfileValueSource] for class [com.mindex.challenge.DataBootstrapTest]
03:05:33.051 [Test worker] DEBUG org.springframework.test.context.support.TestPropertySourceUtils - Adding inlined properties to environment: {spring.jmx.enabled=false, org.springframework.boot.test.context.SpringBootTestContextBootstrapper=true, server.port=-1}

  .   ____          _            __ _ _
 /\\ / ___'_ __ _ _(_)_ __  __ _ \ \ \ \
( ( )\___ | '_ | '_| | '_ \/ _` | \ \ \ \
 \\/  ___)| |_)| | | | | || (_| |  ) ) ) )
  '  |____| .__|_| |_|_| |_\__, | / / / /
 =========|_|==============|___/=/_/_/_/
 :: Spring Boot ::        (v2.2.0.RELEASE)

2021-02-01 03:05:33.495  INFO 66295 --- [    Test worker] com.mindex.challenge.DataBootstrapTest   : Starting DataBootstrapTest on Pratiks-MBP with PID 66295 (started by pratikbhagwat in /Users/pratikbhagwat/Documents/MindexCoding/mindex-java-code-challenge)
2021-02-01 03:05:33.497 DEBUG 66295 --- [    Test worker] com.mindex.challenge.DataBootstrapTest   : Running with Spring Boot v2.2.0.RELEASE, Spring v5.2.0.RELEASE
2021-02-01 03:05:33.498  INFO 66295 --- [    Test worker] com.mindex.challenge.DataBootstrapTest   : No active profile set, falling back to default profiles: default
2021-02-01 03:05:34.041  INFO 66295 --- [    Test worker] .s.d.r.c.RepositoryConfigurationDelegate : Bootstrapping Spring Data repositories in DEFAULT mode.
2021-02-01 03:05:34.087  INFO 66295 --- [    Test worker] .s.d.r.c.RepositoryConfigurationDelegate : Finished Spring Data repository scanning in 41ms. Found 2 repository interfaces.
2021-02-01 03:05:34.715  INFO 66295 --- [    Test worker] de.bwaldvogel.mongo.MongoServer          : started MongoServer(port: 64857, ssl: false)
2021-02-01 03:05:34.773  INFO 66295 --- [    Test worker] org.mongodb.driver.cluster               : Cluster created with settings {hosts=[127.0.0.1:64857], mode=SINGLE, requiredClusterType=UNKNOWN, serverSelectionTimeout='30000 ms', maxWaitQueueSize=500}
2021-02-01 03:05:34.836  INFO 66295 --- [-server-worker1] d.b.mongo.wire.MongoWireProtocolHandler  : client [id: 0xff135730, L:/127.0.0.1:64857 - R:/127.0.0.1:64858] connected
2021-02-01 03:05:34.902  INFO 66295 --- [127.0.0.1:64857] org.mongodb.driver.connection            : Opened connection [connectionId{localValue:1}] to 127.0.0.1:64857
2021-02-01 03:05:34.905  INFO 66295 --- [127.0.0.1:64857] org.mongodb.driver.cluster               : Monitor thread successfully connected to server with description ServerDescription{address=127.0.0.1:64857, type=STANDALONE, state=CONNECTED, ok=true, version=ServerVersion{versionList=[3, 0, 0]}, minWireVersion=0, maxWireVersion=2, maxDocumentSize=16777216, logicalSessionTimeoutMinutes=null, roundTripTimeNanos=1761947}
2021-02-01 03:05:34.924  WARN 66295 --- [    Test worker] o.s.data.convert.CustomConversions       : Registering converter from class java.time.LocalDateTime to class java.time.Instant as reading converter although it doesn't convert from a store-supported type! You might wanna check you annotation setup at the converter implementation.
2021-02-01 03:05:34.925  WARN 66295 --- [    Test worker] o.s.data.convert.CustomConversions       : Registering converter from class java.time.Instant to class java.time.LocalDateTime as reading converter although it doesn't convert from a store-supported type! You might wanna check you annotation setup at the converter implementation.
2021-02-01 03:05:34.930  WARN 66295 --- [    Test worker] o.s.data.convert.CustomConversions       : Registering converter from class java.time.LocalDateTime to class java.time.Instant as reading converter although it doesn't convert from a store-supported type! You might wanna check you annotation setup at the converter implementation.
2021-02-01 03:05:34.930  WARN 66295 --- [    Test worker] o.s.data.convert.CustomConversions       : Registering converter from class java.time.Instant to class java.time.LocalDateTime as reading converter although it doesn't convert from a store-supported type! You might wanna check you annotation setup at the converter implementation.
2021-02-01 03:05:35.306  INFO 66295 --- [-server-worker2] d.b.mongo.wire.MongoWireProtocolHandler  : client [id: 0x9120445c, L:/127.0.0.1:64857 - R:/127.0.0.1:64859] connected
2021-02-01 03:05:35.318  INFO 66295 --- [    Test worker] org.mongodb.driver.connection            : Opened connection [connectionId{localValue:2}] to 127.0.0.1:64857
2021-02-01 03:05:35.339  INFO 66295 --- [-server-worker2] d.b.mongo.backend.AbstractMongoBackend   : created database test
2021-02-01 03:05:35.347  INFO 66295 --- [-server-worker2] d.b.mongo.backend.AbstractMongoDatabase  : adding unique _id index for collection employee
2021-02-01 03:05:35.348  INFO 66295 --- [-server-worker2] d.b.mongo.backend.AbstractMongoDatabase  : created collection test.employee
2021-02-01 03:05:35.795  INFO 66295 --- [    Test worker] o.s.s.concurrent.ThreadPoolTaskExecutor  : Initializing ExecutorService 'applicationTaskExecutor'
2021-02-01 03:05:35.964  WARN 66295 --- [    Test worker] o.s.data.convert.CustomConversions       : Registering converter from class java.time.LocalDateTime to class java.time.Instant as reading converter although it doesn't convert from a store-supported type! You might wanna check you annotation setup at the converter implementation.
2021-02-01 03:05:35.964  WARN 66295 --- [    Test worker] o.s.data.convert.CustomConversions       : Registering converter from class java.time.Instant to class java.time.LocalDateTime as reading converter although it doesn't convert from a store-supported type! You might wanna check you annotation setup at the converter implementation.
2021-02-01 03:05:35.980  WARN 66295 --- [    Test worker] o.s.data.convert.CustomConversions       : Registering converter from class java.time.LocalDateTime to class java.time.Instant as reading converter although it doesn't convert from a store-supported type! You might wanna check you annotation setup at the converter implementation.
2021-02-01 03:05:35.981  WARN 66295 --- [    Test worker] o.s.data.convert.CustomConversions       : Registering converter from class java.time.Instant to class java.time.LocalDateTime as reading converter although it doesn't convert from a store-supported type! You might wanna check you annotation setup at the converter implementation.
2021-02-01 03:05:36.049  INFO 66295 --- [    Test worker] com.mindex.challenge.DataBootstrapTest   : Started DataBootstrapTest in 2.988 seconds (JVM running for 4.073)
]]></system-out>
  <system-err><![CDATA[]]></system-err>
</testsuite>
