<?xml version="1.0" encoding="UTF-8"?>
<testsuite name="com.mindex.challenge.ChallengeApplicationTests" tests="1" skipped="0" failures="0" errors="0" timestamp="2021-02-01T08:05:37" hostname="Pratiks-MBP" time="0.002">
  <properties/>
  <testcase name="contextLoads" classname="com.mindex.challenge.ChallengeApplicationTests" time="0.002"/>
  <system-out><![CDATA[2021-02-01 03:05:37.758  INFO 66295 --- [    Test worker] .b.t.c.SpringBootTestContextBootstrapper : Neither @ContextConfiguration nor @ContextHierarchy found for test class [com.mindex.challenge.ChallengeApplicationTests], using SpringBootContextLoader
2021-02-01 03:05:37.758  INFO 66295 --- [    Test worker] o.s.t.c.support.AbstractContextLoader    : Could not detect default resource locations for test class [com.mindex.challenge.ChallengeApplicationTests]: no resource found for suffixes {-context.xml, Context.groovy}.
2021-02-01 03:05:37.759  INFO 66295 --- [    Test worker] t.c.s.AnnotationConfigContextLoaderUtils : Could not detect default configuration classes for test class [com.mindex.challenge.ChallengeApplicationTests]: ChallengeApplicationTests does not declare any static, non-private, non-final, nested classes annotated with @Configuration.
2021-02-01 03:05:37.760  INFO 66295 --- [    Test worker] .b.t.c.SpringBootTestContextBootstrapper : Found @SpringBootConfiguration com.mindex.challenge.ChallengeApplication for test class com.mindex.challenge.ChallengeApplicationTests
2021-02-01 03:05:37.761  INFO 66295 --- [    Test worker] .b.t.c.SpringBootTestContextBootstrapper : Loaded default TestExecutionListener class names from location [META-INF/spring.factories]: [org.springframework.boot.test.autoconfigure.restdocs.RestDocsTestExecutionListener, org.springframework.boot.test.autoconfigure.web.client.MockRestServiceServerResetTestExecutionListener, org.springframework.boot.test.autoconfigure.web.servlet.MockMvcPrintOnlyOnFailureTestExecutionListener, org.springframework.boot.test.autoconfigure.web.servlet.WebDriverTestExecutionListener, org.springframework.boot.test.mock.mockito.MockitoTestExecutionListener, org.springframework.boot.test.mock.mockito.ResetMocksTestExecutionListener, org.springframework.test.context.web.ServletTestExecutionListener, org.springframework.test.context.support.DirtiesContextBeforeModesTestExecutionListener, org.springframework.test.context.support.DependencyInjectionTestExecutionListener, org.springframework.test.context.support.DirtiesContextTestExecutionListener, org.springframework.test.context.transaction.TransactionalTestExecutionListener, org.springframework.test.context.jdbc.SqlScriptsTestExecutionListener, org.springframework.test.context.event.EventPublishingTestExecutionListener]
2021-02-01 03:05:37.762  INFO 66295 --- [    Test worker] .b.t.c.SpringBootTestContextBootstrapper : Using TestExecutionListeners: [org.springframework.test.context.web.ServletTestExecutionListener@46f1a241, org.springframework.test.context.support.DirtiesContextBeforeModesTestExecutionListener@3829c38c, org.springframework.boot.test.mock.mockito.MockitoTestExecutionListener@37a9f6c1, org.springframework.boot.test.autoconfigure.SpringBootDependencyInjectionTestExecutionListener@62737b4a, org.springframework.test.context.support.DirtiesContextTestExecutionListener@295b3eef, org.springframework.test.context.transaction.TransactionalTestExecutionListener@5f98bdeb, org.springframework.test.context.jdbc.SqlScriptsTestExecutionListener@27ff5727, org.springframework.test.context.event.EventPublishingTestExecutionListener@5eafd1b9, org.springframework.boot.test.autoconfigure.restdocs.RestDocsTestExecutionListener@2e7320c5, org.springframework.boot.test.autoconfigure.web.client.MockRestServiceServerResetTestExecutionListener@349ea705, org.springframework.boot.test.autoconfigure.web.servlet.MockMvcPrintOnlyOnFailureTestExecutionListener@690588de, org.springframework.boot.test.autoconfigure.web.servlet.WebDriverTestExecutionListener@4987ae5e, org.springframework.boot.test.mock.mockito.ResetMocksTestExecutionListener@7ec5daa3]
]]></system-out>
  <system-err><![CDATA[]]></system-err>
</testsuite>
