<?xml version="1.0" encoding="UTF-8"?>
<testsuite name="com.mindex.challenge.service.impl.CompensationServiceImplTest" tests="1" skipped="0" failures="0" errors="0" timestamp="2021-02-01T08:05:37" hostname="Pratiks-MBP" time="0.191">
  <properties/>
  <testcase name="testCreateRead" classname="com.mindex.challenge.service.impl.CompensationServiceImplTest" time="0.191"/>
  <system-out><![CDATA[2021-02-01 03:05:36.603  INFO 66295 --- [    Test worker] .b.t.c.SpringBootTestContextBootstrapper : Neither @ContextConfiguration nor @ContextHierarchy found for test class [com.mindex.challenge.service.impl.CompensationServiceImplTest], using SpringBootContextLoader
2021-02-01 03:05:36.605  INFO 66295 --- [    Test worker] o.s.t.c.support.AbstractContextLoader    : Could not detect default resource locations for test class [com.mindex.challenge.service.impl.CompensationServiceImplTest]: no resource found for suffixes {-context.xml, Context.groovy}.
2021-02-01 03:05:36.605  INFO 66295 --- [    Test worker] t.c.s.AnnotationConfigContextLoaderUtils : Could not detect default configuration classes for test class [com.mindex.challenge.service.impl.CompensationServiceImplTest]: CompensationServiceImplTest does not declare any static, non-private, non-final, nested classes annotated with @Configuration.
2021-02-01 03:05:36.612  INFO 66295 --- [    Test worker] .b.t.c.SpringBootTestContextBootstrapper : Found @SpringBootConfiguration com.mindex.challenge.ChallengeApplication for test class com.mindex.challenge.service.impl.CompensationServiceImplTest
2021-02-01 03:05:36.613  INFO 66295 --- [    Test worker] .b.t.c.SpringBootTestContextBootstrapper : Loaded default TestExecutionListener class names from location [META-INF/spring.factories]: [org.springframework.boot.test.autoconfigure.restdocs.RestDocsTestExecutionListener, org.springframework.boot.test.autoconfigure.web.client.MockRestServiceServerResetTestExecutionListener, org.springframework.boot.test.autoconfigure.web.servlet.MockMvcPrintOnlyOnFailureTestExecutionListener, org.springframework.boot.test.autoconfigure.web.servlet.WebDriverTestExecutionListener, org.springframework.boot.test.mock.mockito.MockitoTestExecutionListener, org.springframework.boot.test.mock.mockito.ResetMocksTestExecutionListener, org.springframework.test.context.web.ServletTestExecutionListener, org.springframework.test.context.support.DirtiesContextBeforeModesTestExecutionListener, org.springframework.test.context.support.DependencyInjectionTestExecutionListener, org.springframework.test.context.support.DirtiesContextTestExecutionListener, org.springframework.test.context.transaction.TransactionalTestExecutionListener, org.springframework.test.context.jdbc.SqlScriptsTestExecutionListener, org.springframework.test.context.event.EventPublishingTestExecutionListener]
2021-02-01 03:05:36.614  INFO 66295 --- [    Test worker] .b.t.c.SpringBootTestContextBootstrapper : Using TestExecutionListeners: [org.springframework.test.context.web.ServletTestExecutionListener@185f3f7a, org.springframework.test.context.support.DirtiesContextBeforeModesTestExecutionListener@1a9c91cb, org.springframework.boot.test.mock.mockito.MockitoTestExecutionListener@271d6669, org.springframework.boot.test.autoconfigure.SpringBootDependencyInjectionTestExecutionListener@12473ae7, org.springframework.test.context.support.DirtiesContextTestExecutionListener@7382633a, org.springframework.test.context.transaction.TransactionalTestExecutionListener@d6ea648, org.springframework.test.context.jdbc.SqlScriptsTestExecutionListener@418ca7a2, org.springframework.test.context.event.EventPublishingTestExecutionListener@6ab72d76, org.springframework.boot.test.autoconfigure.restdocs.RestDocsTestExecutionListener@acc08a9, org.springframework.boot.test.autoconfigure.web.client.MockRestServiceServerResetTestExecutionListener@72e8a35e, org.springframework.boot.test.autoconfigure.web.servlet.MockMvcPrintOnlyOnFailureTestExecutionListener@56fdbb16, org.springframework.boot.test.autoconfigure.web.servlet.WebDriverTestExecutionListener@5f2f022, org.springframework.boot.test.mock.mockito.ResetMocksTestExecutionListener@6f912975]

  .   ____          _            __ _ _
 /\\ / ___'_ __ _ _(_)_ __  __ _ \ \ \ \
( ( )\___ | '_ | '_| | '_ \/ _` | \ \ \ \
 \\/  ___)| |_)| | | | | || (_| |  ) ) ) )
  '  |____| .__|_| |_|_| |_\__, | / / / /
 =========|_|==============|___/=/_/_/_/
 :: Spring Boot ::        (v2.2.0.RELEASE)

2021-02-01 03:05:36.636  INFO 66295 --- [    Test worker] c.m.c.s.i.CompensationServiceImplTest    : Starting CompensationServiceImplTest on Pratiks-MBP with PID 66295 (started by pratikbhagwat in /Users/pratikbhagwat/Documents/MindexCoding/mindex-java-code-challenge)
2021-02-01 03:05:36.636 DEBUG 66295 --- [    Test worker] c.m.c.s.i.CompensationServiceImplTest    : Running with Spring Boot v2.2.0.RELEASE, Spring v5.2.0.RELEASE
2021-02-01 03:05:36.637  INFO 66295 --- [    Test worker] c.m.c.s.i.CompensationServiceImplTest    : No active profile set, falling back to default profiles: default
2021-02-01 03:05:36.740  INFO 66295 --- [    Test worker] .s.d.r.c.RepositoryConfigurationDelegate : Bootstrapping Spring Data repositories in DEFAULT mode.
2021-02-01 03:05:36.746  INFO 66295 --- [    Test worker] .s.d.r.c.RepositoryConfigurationDelegate : Finished Spring Data repository scanning in 4ms. Found 2 repository interfaces.
2021-02-01 03:05:36.954  INFO 66295 --- [    Test worker] o.s.b.w.embedded.tomcat.TomcatWebServer  : Tomcat initialized with port(s): 0 (http)
2021-02-01 03:05:36.964  INFO 66295 --- [    Test worker] o.apache.catalina.core.StandardService   : Starting service [Tomcat]
2021-02-01 03:05:36.964  INFO 66295 --- [    Test worker] org.apache.catalina.core.StandardEngine  : Starting Servlet engine: [Apache Tomcat/9.0.27]
2021-02-01 03:05:37.067  INFO 66295 --- [    Test worker] o.a.c.c.C.[Tomcat].[localhost].[/]       : Initializing Spring embedded WebApplicationContext
2021-02-01 03:05:37.067  INFO 66295 --- [    Test worker] o.s.web.context.ContextLoader            : Root WebApplicationContext: initialization completed in 428 ms
2021-02-01 03:05:37.147  INFO 66295 --- [    Test worker] de.bwaldvogel.mongo.MongoServer          : started MongoServer(port: 64860, ssl: false)
2021-02-01 03:05:37.149  INFO 66295 --- [    Test worker] org.mongodb.driver.cluster               : Cluster created with settings {hosts=[127.0.0.1:64860], mode=SINGLE, requiredClusterType=UNKNOWN, serverSelectionTimeout='30000 ms', maxWaitQueueSize=500}
2021-02-01 03:05:37.151  INFO 66295 --- [-server-worker1] d.b.mongo.wire.MongoWireProtocolHandler  : client [id: 0x8a55ff25, L:/127.0.0.1:64860 - R:/127.0.0.1:64861] connected
2021-02-01 03:05:37.158  WARN 66295 --- [    Test worker] o.s.data.convert.CustomConversions       : Registering converter from class java.time.LocalDateTime to class java.time.Instant as reading converter although it doesn't convert from a store-supported type! You might wanna check you annotation setup at the converter implementation.
2021-02-01 03:05:37.159  WARN 66295 --- [    Test worker] o.s.data.convert.CustomConversions       : Registering converter from class java.time.Instant to class java.time.LocalDateTime as reading converter although it doesn't convert from a store-supported type! You might wanna check you annotation setup at the converter implementation.
2021-02-01 03:05:37.161  WARN 66295 --- [    Test worker] o.s.data.convert.CustomConversions       : Registering converter from class java.time.LocalDateTime to class java.time.Instant as reading converter although it doesn't convert from a store-supported type! You might wanna check you annotation setup at the converter implementation.
2021-02-01 03:05:37.162  WARN 66295 --- [    Test worker] o.s.data.convert.CustomConversions       : Registering converter from class java.time.Instant to class java.time.LocalDateTime as reading converter although it doesn't convert from a store-supported type! You might wanna check you annotation setup at the converter implementation.
2021-02-01 03:05:37.165  INFO 66295 --- [127.0.0.1:64860] org.mongodb.driver.connection            : Opened connection [connectionId{localValue:3}] to 127.0.0.1:64860
2021-02-01 03:05:37.166  INFO 66295 --- [127.0.0.1:64860] org.mongodb.driver.cluster               : Monitor thread successfully connected to server with description ServerDescription{address=127.0.0.1:64860, type=STANDALONE, state=CONNECTED, ok=true, version=ServerVersion{versionList=[3, 0, 0]}, minWireVersion=0, maxWireVersion=2, maxDocumentSize=16777216, logicalSessionTimeoutMinutes=null, roundTripTimeNanos=916436}
2021-02-01 03:05:37.230  INFO 66295 --- [-server-worker2] d.b.mongo.wire.MongoWireProtocolHandler  : client [id: 0xfd20944a, L:/127.0.0.1:64860 - R:/127.0.0.1:64862] connected
2021-02-01 03:05:37.243  INFO 66295 --- [    Test worker] org.mongodb.driver.connection            : Opened connection [connectionId{localValue:4}] to 127.0.0.1:64860
2021-02-01 03:05:37.244  INFO 66295 --- [-server-worker2] d.b.mongo.backend.AbstractMongoBackend   : created database test
2021-02-01 03:05:37.245  INFO 66295 --- [-server-worker2] d.b.mongo.backend.AbstractMongoDatabase  : adding unique _id index for collection employee
2021-02-01 03:05:37.245  INFO 66295 --- [-server-worker2] d.b.mongo.backend.AbstractMongoDatabase  : created collection test.employee
2021-02-01 03:05:37.352  INFO 66295 --- [    Test worker] o.s.s.concurrent.ThreadPoolTaskExecutor  : Initializing ExecutorService 'applicationTaskExecutor'
2021-02-01 03:05:37.434  WARN 66295 --- [    Test worker] o.s.data.convert.CustomConversions       : Registering converter from class java.time.LocalDateTime to class java.time.Instant as reading converter although it doesn't convert from a store-supported type! You might wanna check you annotation setup at the converter implementation.
2021-02-01 03:05:37.434  WARN 66295 --- [    Test worker] o.s.data.convert.CustomConversions       : Registering converter from class java.time.Instant to class java.time.LocalDateTime as reading converter although it doesn't convert from a store-supported type! You might wanna check you annotation setup at the converter implementation.
2021-02-01 03:05:37.444  WARN 66295 --- [    Test worker] o.s.data.convert.CustomConversions       : Registering converter from class java.time.LocalDateTime to class java.time.Instant as reading converter although it doesn't convert from a store-supported type! You might wanna check you annotation setup at the converter implementation.
2021-02-01 03:05:37.445  WARN 66295 --- [    Test worker] o.s.data.convert.CustomConversions       : Registering converter from class java.time.Instant to class java.time.LocalDateTime as reading converter although it doesn't convert from a store-supported type! You might wanna check you annotation setup at the converter implementation.
2021-02-01 03:05:37.496  INFO 66295 --- [    Test worker] o.s.b.w.embedded.tomcat.TomcatWebServer  : Tomcat started on port(s): 64863 (http) with context path ''
2021-02-01 03:05:37.497  INFO 66295 --- [    Test worker] c.m.c.s.i.CompensationServiceImplTest    : Started CompensationServiceImplTest in 0.881 seconds (JVM running for 5.522)
2021-02-01 03:05:37.611  INFO 66295 --- [o-auto-1-exec-1] o.a.c.c.C.[Tomcat].[localhost].[/]       : Initializing Spring DispatcherServlet 'dispatcherServlet'
2021-02-01 03:05:37.611  INFO 66295 --- [o-auto-1-exec-1] o.s.web.servlet.DispatcherServlet        : Initializing Servlet 'dispatcherServlet'
2021-02-01 03:05:37.626  INFO 66295 --- [o-auto-1-exec-1] o.s.web.servlet.DispatcherServlet        : Completed initialization in 15 ms
2021-02-01 03:05:37.654 DEBUG 66295 --- [o-auto-1-exec-1] c.m.c.controller.CompensationController  : Received compensation create request for [b7839309-3348-463b-a7e3-5de1c168beb3]
2021-02-01 03:05:37.654 DEBUG 66295 --- [o-auto-1-exec-1] c.m.c.s.impl.CompensationServiceImpl     : Creating Compensation for [b7839309-3348-463b-a7e3-5de1c168beb3]
2021-02-01 03:05:37.654 DEBUG 66295 --- [o-auto-1-exec-1] c.m.c.service.impl.EmployeeServiceImpl   : Creating employee with id [b7839309-3348-463b-a7e3-5de1c168beb3]
2021-02-01 03:05:37.664  INFO 66295 --- [-server-worker2] d.b.mongo.backend.AbstractMongoDatabase  : adding unique _id index for collection compensation
2021-02-01 03:05:37.664  INFO 66295 --- [-server-worker2] d.b.mongo.backend.AbstractMongoDatabase  : created collection test.compensation
2021-02-01 03:05:37.686 DEBUG 66295 --- [o-auto-1-exec-2] c.m.c.controller.CompensationController  : Received compensation fetch request for [b7839309-3348-463b-a7e3-5de1c168beb3]
2021-02-01 03:05:37.686 DEBUG 66295 --- [o-auto-1-exec-2] c.m.c.s.impl.CompensationServiceImpl     : Fetching Compensation for [b7839309-3348-463b-a7e3-5de1c168beb3]
2021-02-01 03:05:37.686 DEBUG 66295 --- [o-auto-1-exec-2] c.m.c.service.impl.EmployeeServiceImpl   : Creating employee with id [b7839309-3348-463b-a7e3-5de1c168beb3]
]]></system-out>
  <system-err><![CDATA[]]></system-err>
</testsuite>
