<?xml version="1.0" encoding="UTF-8"?>
<testsuite name="com.mindex.challenge.service.impl.EmployeeServiceImplTest" tests="1" skipped="0" failures="0" errors="0" timestamp="2021-02-01T08:05:37" hostname="Pratiks-MBP" time="0.046">
  <properties/>
  <testcase name="testCreateReadUpdate" classname="com.mindex.challenge.service.impl.EmployeeServiceImplTest" time="0.046"/>
  <system-out><![CDATA[2021-02-01 03:05:37.699  INFO 66295 --- [    Test worker] .b.t.c.SpringBootTestContextBootstrapper : Neither @ContextConfiguration nor @ContextHierarchy found for test class [com.mindex.challenge.service.impl.EmployeeServiceImplTest], using SpringBootContextLoader
2021-02-01 03:05:37.700  INFO 66295 --- [    Test worker] o.s.t.c.support.AbstractContextLoader    : Could not detect default resource locations for test class [com.mindex.challenge.service.impl.EmployeeServiceImplTest]: no resource found for suffixes {-context.xml, Context.groovy}.
2021-02-01 03:05:37.700  INFO 66295 --- [    Test worker] t.c.s.AnnotationConfigContextLoaderUtils : Could not detect default configuration classes for test class [com.mindex.challenge.service.impl.EmployeeServiceImplTest]: EmployeeServiceImplTest does not declare any static, non-private, non-final, nested classes annotated with @Configuration.
2021-02-01 03:05:37.701  INFO 66295 --- [    Test worker] .b.t.c.SpringBootTestContextBootstrapper : Found @SpringBootConfiguration com.mindex.challenge.ChallengeApplication for test class com.mindex.challenge.service.impl.EmployeeServiceImplTest
2021-02-01 03:05:37.704  INFO 66295 --- [    Test worker] .b.t.c.SpringBootTestContextBootstrapper : Loaded default TestExecutionListener class names from location [META-INF/spring.factories]: [org.springframework.boot.test.autoconfigure.restdocs.RestDocsTestExecutionListener, org.springframework.boot.test.autoconfigure.web.client.MockRestServiceServerResetTestExecutionListener, org.springframework.boot.test.autoconfigure.web.servlet.MockMvcPrintOnlyOnFailureTestExecutionListener, org.springframework.boot.test.autoconfigure.web.servlet.WebDriverTestExecutionListener, org.springframework.boot.test.mock.mockito.MockitoTestExecutionListener, org.springframework.boot.test.mock.mockito.ResetMocksTestExecutionListener, org.springframework.test.context.web.ServletTestExecutionListener, org.springframework.test.context.support.DirtiesContextBeforeModesTestExecutionListener, org.springframework.test.context.support.DependencyInjectionTestExecutionListener, org.springframework.test.context.support.DirtiesContextTestExecutionListener, org.springframework.test.context.transaction.TransactionalTestExecutionListener, org.springframework.test.context.jdbc.SqlScriptsTestExecutionListener, org.springframework.test.context.event.EventPublishingTestExecutionListener]
2021-02-01 03:05:37.706  INFO 66295 --- [    Test worker] .b.t.c.SpringBootTestContextBootstrapper : Using TestExecutionListeners: [org.springframework.test.context.web.ServletTestExecutionListener@705f2f3, org.springframework.test.context.support.DirtiesContextBeforeModesTestExecutionListener@52f8ed3c, org.springframework.boot.test.mock.mockito.MockitoTestExecutionListener@2f370c9e, org.springframework.boot.test.autoconfigure.SpringBootDependencyInjectionTestExecutionListener@5a292ccd, org.springframework.test.context.support.DirtiesContextTestExecutionListener@7293cf11, org.springframework.test.context.transaction.TransactionalTestExecutionListener@67174d72, org.springframework.test.context.jdbc.SqlScriptsTestExecutionListener@70d3fef2, org.springframework.test.context.event.EventPublishingTestExecutionListener@630ffb61, org.springframework.boot.test.autoconfigure.restdocs.RestDocsTestExecutionListener@f884b56, org.springframework.boot.test.autoconfigure.web.client.MockRestServiceServerResetTestExecutionListener@52a9fb08, org.springframework.boot.test.autoconfigure.web.servlet.MockMvcPrintOnlyOnFailureTestExecutionListener@3d62abc1, org.springframework.boot.test.autoconfigure.web.servlet.WebDriverTestExecutionListener@212a8bff, org.springframework.boot.test.mock.mockito.ResetMocksTestExecutionListener@6c35b677]
2021-02-01 03:05:37.715 DEBUG 66295 --- [o-auto-1-exec-3] c.m.c.controller.EmployeeController      : Received employee create request for [com.mindex.challenge.data.Employee@7d501222]
2021-02-01 03:05:37.716 DEBUG 66295 --- [o-auto-1-exec-3] c.m.c.service.impl.EmployeeServiceImpl   : Creating employee [com.mindex.challenge.data.Employee@7d501222]
2021-02-01 03:05:37.722 DEBUG 66295 --- [o-auto-1-exec-4] c.m.c.controller.EmployeeController      : Received employee create request for id [40a37e4e-878d-4c8c-afc4-65b130eb83b1]
2021-02-01 03:05:37.724 DEBUG 66295 --- [o-auto-1-exec-4] c.m.c.service.impl.EmployeeServiceImpl   : Creating employee with id [40a37e4e-878d-4c8c-afc4-65b130eb83b1]
2021-02-01 03:05:37.732 DEBUG 66295 --- [o-auto-1-exec-5] c.m.c.controller.EmployeeController      : Received employee create request for id [40a37e4e-878d-4c8c-afc4-65b130eb83b1] and employee [com.mindex.challenge.data.Employee@74694bf4]
2021-02-01 03:05:37.732 DEBUG 66295 --- [o-auto-1-exec-5] c.m.c.service.impl.EmployeeServiceImpl   : Updating employee [com.mindex.challenge.data.Employee@74694bf4]
2021-02-01 03:05:37.740 DEBUG 66295 --- [o-auto-1-exec-6] c.m.c.controller.EmployeeController      : Received employee to get the number of direct reports for id [16a596ae-edd3-4847-99fe-c4518e82c86f]
2021-02-01 03:05:37.742 DEBUG 66295 --- [o-auto-1-exec-6] c.m.c.service.impl.EmployeeServiceImpl   : Creating employee with id [16a596ae-edd3-4847-99fe-c4518e82c86f]
2021-02-01 03:05:37.744 DEBUG 66295 --- [o-auto-1-exec-6] c.m.c.service.impl.EmployeeServiceImpl   : Creating employee with id [03aa1462-ffa9-4978-901b-7c001562cf6f]
2021-02-01 03:05:37.746 DEBUG 66295 --- [o-auto-1-exec-6] c.m.c.service.impl.EmployeeServiceImpl   : Creating employee with id [c0c2293d-16bd-4603-8e08-638a9d18b22c]
2021-02-01 03:05:37.747 DEBUG 66295 --- [o-auto-1-exec-6] c.m.c.service.impl.EmployeeServiceImpl   : Creating employee with id [62c1084e-6e34-4630-93fd-9153afb65309]
2021-02-01 03:05:37.749 DEBUG 66295 --- [o-auto-1-exec-6] c.m.c.service.impl.EmployeeServiceImpl   : Creating employee with id [b7839309-3348-463b-a7e3-5de1c168beb3]
]]></system-out>
  <system-err><![CDATA[]]></system-err>
</testsuite>
